=== J-20260623-204105-001 ===
TYPE: USER_INPUT
SPEC: S-PRICING-01
STATUS: COMPLETED
PARENT: --
ROOT: J-20260623-204105-001
TASK_ID: T-000001
PARENT_TASK_ID: --
ROOT_USER_INPUT_ID: T-000001
DETAIL: Create a single HTML file with CSS and JavaScript. Task: animated pricing card component with 3 plans (Free, Pro, Enterprise). Requirements: - Dark theme, modern design - Hover effect: card lifts up with glow - Toggle switch: Monthly / Annual pricing (Annual = 20% discount, price updates with smooth animation) - "Most Popular" badge on Pro plan - Button ripple effect on click - Responsive layout (cards stack on mobile) No frameworks, no libraries. Pure HTML/CSS/JS in one file.

=== J-20260623-204105-002 ===
TYPE: BROKER_TASK_REVIEW
SPEC: S-PRICING-01
STATUS: FAIL
PARENT: J-20260623-204105-001
ROOT: J-20260623-204105-001
TASK_ID: B-000002
PARENT_TASK_ID: --
ROOT_USER_INPUT_ID: T-000001
DETAIL: Broker FAIL: required artifact .sddtdd_skill/SPEC-DRAFT.md was absent at HEAD 8eddad2. Created and committed SPEC-DRAFT.md. Retrying reviewTask.

=== J-20260623-204105-003 ===
TYPE: BROKER_TASK_REVIEW
SPEC: S-PRICING-01
STATUS: PASS
PARENT: J-20260623-204105-002
ROOT: J-20260623-204105-001
TASK_ID: B-000002
PARENT_TASK_ID: --
ROOT_USER_INPUT_ID: T-000001
DETAIL: Broker PASS: process-gate verification passed for task B-000002 (USER_INPUT_CAPTURE) at HEAD 840d746.

=== J-20260623-204223-001 ===
TYPE: SPEC_SPEC
SPEC: S-PRICING-01
STATUS: COMPLETED
PARENT: J-20260623-204105-003
ROOT: J-20260623-204105-001
DETAIL: Created SPEC.md from SPEC-DRAFT.md with structured requirements, price table, and functional specs.

=== J-20260623-204223-002 ===
TYPE: SPEC_REVIEW
SPEC: S-PRICING-01
STATUS: PASS
PARENT: J-20260623-204223-001
ROOT: J-20260623-204105-001
DETAIL: Independent reviewer PASS: spec accurately captures all requirements from draft.

=== J-20260623-204223-003 ===
TYPE: BROKER_TASK_REVIEW
SPEC: S-PRICING-01
STATUS: PASS
PARENT: J-20260623-204223-002
ROOT: J-20260623-204105-001
TASK_ID: B-000003
PARENT_TASK_ID: --
ROOT_USER_INPUT_ID: T-000001
DETAIL: Broker PASS: process-gate verification passed for task B-000003 (SPEC_SPEC) at HEAD fb21c3f.

=== J-20260623-204338-001 ===
TYPE: ARCHITECTURE
SPEC: S-PRICING-01
STATUS: COMPLETED
PARENT: J-20260623-204223-003
ROOT: J-20260623-204105-001
DETAIL: Created ARCHITECTURE.md with HTML structure, CSS architecture, JS data flow, and state definitions for pricing card component.

=== J-20260623-204338-002 ===
TYPE: ARCHITECTURE_REVIEW
SPEC: S-PRICING-01
STATUS: PASS
PARENT: J-20260623-204338-001
ROOT: J-20260623-204105-001
DETAIL: Independent reviewer PASS: architecture fully supports the spec.

=== J-20260623-204338-003 ===
TYPE: BROKER_TASK_REVIEW
SPEC: S-PRICING-01
STATUS: PASS
PARENT: J-20260623-204338-002
ROOT: J-20260623-204105-001
TASK_ID: B-000004
PARENT_TASK_ID: --
ROOT_USER_INPUT_ID: T-000001
DETAIL: Broker PASS: process-gate verification passed for task B-000004 (ARCHITECTURE) at HEAD a8abf7b.

=== J-20260623-204538-001 ===
TYPE: DECOMPOSE
SPEC: S-PRICING-01
STATUS: COMPLETED
PARENT: J-20260623-204338-003
ROOT: J-20260623-204105-001
DETAIL: Created TASKS.md with 7 implementation tasks (T-000002 through T-000008) covering HTML structure, toggle, hover, badge, ripple, responsive, and regression.

=== J-20260623-204538-002 ===
TYPE: TASK_REVIEW
SPEC: S-PRICING-01
STATUS: PASS
PARENT: J-20260623-204538-001
ROOT: J-20260623-204105-001
DETAIL: Independent reviewer PASS: all spec requirements covered by tasks.

=== J-20260623-204538-003 ===
TYPE: BROKER_TASK_REVIEW
SPEC: S-PRICING-01
STATUS: PASS
PARENT: J-20260623-204538-002
ROOT: J-20260623-204105-001
TASK_ID: B-000005
PARENT_TASK_ID: --
ROOT_USER_INPUT_ID: T-000001
DETAIL: Broker PASS: process-gate verification passed for task B-000005 (DECOMPOSE) at HEAD fc3fc47.

=== J-20260623-204705-001 ===
TYPE: RED
SPEC: S-PRICING-01
STATUS: COMPLETED
PARENT: J-20260623-204538-003
ROOT: J-20260623-204105-001
TASK_ID: T-000002
PARENT_TASK_ID: T-000001
ROOT_USER_INPUT_ID: T-000001
DETAIL: Created tests/pricing-card.test.js with 10 test cases. All fail because index.html does not exist yet. RED confirmed: 0 passed, 1 failed (file not found).

=== J-20260623-204705-002 ===
TYPE: RED_REVIEW
SPEC: S-PRICING-01
STATUS: PASS
PARENT: J-20260623-204705-001
ROOT: J-20260623-204105-001
TASK_ID: T-000002
PARENT_TASK_ID: T-000001
ROOT_USER_INPUT_ID: T-000001
DETAIL: Independent reviewer PASS: RED tests correctly structured to fail without implementation.

=== J-20260623-204705-003 ===
TYPE: BROKER_TASK_REVIEW
SPEC: S-PRICING-01
STATUS: PASS
PARENT: J-20260623-204705-002
ROOT: J-20260623-204105-001
TASK_ID: B-000006
PARENT_TASK_ID: --
ROOT_USER_INPUT_ID: T-000001
DETAIL: Broker PASS: process-gate verification passed for task B-000006 (RED) at HEAD 926a554.

=== J-20260623-204908-001 ===
TYPE: GREEN
SPEC: S-PRICING-01
STATUS: COMPLETED
PARENT: J-20260623-204705-003
ROOT: J-20260623-204105-001
TASK_ID: T-000002
PARENT_TASK_ID: T-000001
ROOT_USER_INPUT_ID: T-000001
DETAIL: Created index.html with full pricing card implementation: 3 cards, dark theme, hover glow, toggle switch, Most Popular badge, ripple effect, responsive layout. All 15 tests pass.

=== J-20260623-204908-002 ===
TYPE: GREEN_REVIEW
SPEC: S-PRICING-01
STATUS: PASS
PARENT: J-20260623-204908-001
ROOT: J-20260623-204105-001
TASK_ID: T-000002
PARENT_TASK_ID: T-000001
ROOT_USER_INPUT_ID: T-000001
DETAIL: Independent reviewer PASS: implementation satisfies all spec requirements.
